2025-11-22T18:50:55.553796149Z [inf]  INFO:     100.64.0.2:18516 - "OPTIONS /api/auth/request-code HTTP/1.1" 200 OK
2025-11-22T18:50:55.553808347Z [err]  2025-11-22 18:50:50 [INFO] services.mailer: 📧 Resend: Sending email FROM=KI-Sicherheit.jetzt <noreply@ki-sicherheit.jetzt> TO=wolf.hohl@web.de SUBJECT=Ihr KI-Sicherheit Login-Code...
2025-11-22T18:50:55.553815734Z [err]  2025-11-22 18:50:51 [INFO] httpx: HTTP Request: POST https://api.resend.com/emails "HTTP/1.1 200 OK"
2025-11-22T18:50:55.553822010Z [err]  2025-11-22 18:50:51 [INFO] services.mailer: ✅ Resend Response [200]: {"id": "2517af11-0e4d-4562-9dc4-7e60a0e46fab"}
2025-11-22T18:50:55.553829161Z [err]  2025-11-22 18:50:51 [INFO] services.mailer: 📬 Email ID: 2517af11-0e4d-4562-9dc4-7e60a0e46fab
2025-11-22T18:50:55.553835777Z [inf]  INFO:     100.64.0.3:21640 - "POST /api/auth/request-code HTTP/1.1" 204 No Content
2025-11-22T18:51:25.010971847Z [inf]  INFO:     100.64.0.2:52690 - "OPTIONS /api/auth/login HTTP/1.1" 200 OK
2025-11-22T18:51:25.010980056Z [err]  2025-11-22 18:51:19 [INFO] routes.auth: Creating access token for user: wolf.hohl@web.de
2025-11-22T18:51:25.010988041Z [err]  2025-11-22 18:51:19 [INFO] routes.auth: 🍪 Set httpOnly cookie for user: wolf.hohl@web.de
2025-11-22T18:51:25.010995407Z [inf]  INFO:     100.64.0.3:33578 - "POST /api/auth/login HTTP/1.1" 200 OK
2025-11-22T18:51:25.011004244Z [inf]  INFO:     100.64.0.2:52690 - "OPTIONS /api/briefings/submit HTTP/1.1" 200 OK
2025-11-22T18:51:25.011010625Z [err]  2025-11-22 18:51:23 [INFO] routes.briefings: ✅ Token validated successfully for user: wolf.hohl@web.de
2025-11-22T18:51:25.011018642Z [err]  2025-11-22 18:51:23 [INFO] routes.briefings: ✅ Found existing user: wolf.hohl@web.de (ID=6)
2025-11-22T18:51:25.011028114Z [err]  2025-11-22 18:51:23 [INFO] routes.briefings: [ENCODING-FIX] Cleaning briefing data before save
2025-11-22T18:51:25.011034599Z [err]  2025-11-22 18:51:23 [INFO] routes.briefings: ✅ Briefing saved to database: ID=115, user_id=6, len=2150
2025-11-22T18:51:25.011041143Z [err]  2025-11-22 18:51:23 [INFO] services.prompt_loader: 🔍 Prompt loader initialized: BASE_DIR=/app/prompts (exists: True)
2025-11-22T18:51:25.011047867Z [err]  2025-11-22 18:51:23 [INFO] services.prompt_builder: 📁 Using data_dir: /app/data
2025-11-22T18:51:25.011055856Z [err]  2025-11-22 18:51:23 [INFO] services.prompt_enhancer: ✅ PromptEnhancer initialized (data_dir=data)
2025-11-22T18:51:25.011062421Z [err]  2025-11-22 18:51:23 [INFO] gpt_analyze: ✅ PromptEnhancer initialized with context system
2025-11-22T18:51:25.011068581Z [err]  2025-11-22 18:51:23 [INFO] routes.briefings: 🚀 Triggering analysis for briefing_id=115
2025-11-22T18:51:25.011078360Z [err]  2025-11-22 18:51:23 [INFO] gpt_analyze: [run-9c31587e] 🚀 Starting analysis v4.14.0-GOLD-PLUS for briefing_id=115
2025-11-22T18:51:25.014591883Z [err]  2025-11-22 18:51:23 [INFO] services.prompt_enhancer: 🎯 Applying roadmap size constraints for 'roadmap_90d'
2025-11-22T18:51:25.014606539Z [err]  2025-11-22 18:51:23 [INFO] gpt_analyze: ✅ Using enhanced prompt for roadmap (with context)
2025-11-22T18:51:25.014612722Z [err]  2025-11-22 18:51:23 [INFO] gpt_analyze: [run-9c31587e] [ENCODING-FIX] Double-check on briefing 115
2025-11-22T18:51:25.014616701Z [err]  2025-11-22 18:51:23 [INFO] gpt_analyze: ✅ Using enhanced prompt for executive_summary (with context)
2025-11-22T18:51:25.014620688Z [err]  2025-11-22 18:51:23 [INFO] gpt_analyze: [run-9c31587e] 📊 Calculating realistic scores (v4.14.0-GOLD-PLUS)...
2025-11-22T18:51:25.014626862Z [err]  2025-11-22 18:51:23 [INFO] gpt_analyze: 📊 REALISTIC SCORES v4.14.0-GOLD-PLUS: Gov=88 Sec=76 Val=100 Ena=100 Overall=91
2025-11-22T18:51:25.014635080Z [err]  2025-11-22 18:51:23 [INFO] gpt_analyze: [run-9c31587e] 🎨 Generating content sections with PROMPT SYSTEM...
2025-11-22T18:51:25.014638125Z [err]  2025-11-22 18:51:23 [INFO] gpt_analyze: ✅ Using enhanced prompt for business_roi (with context)
2025-11-22T18:51:25.014643528Z [err]  2025-11-22 18:51:23 [INFO] gpt_analyze: 🚀 Generating 22 sections in PARALLEL (max_workers=12)...
2025-11-22T18:51:25.014653337Z [err]  2025-11-22 18:51:23 [INFO] gpt_analyze: ✅ Using enhanced prompt for business_case (with context)
2025-11-22T18:51:25.014654462Z [err]  2025-11-22 18:51:23 [INFO] gpt_analyze: ✅ Using enhanced prompt for quick_wins (with context)
2025-11-22T18:51:25.014665634Z [err]  2025-11-22 18:51:23 [INFO] gpt_analyze: ✅ Using enhanced prompt for business_costs (with context)
2025-11-22T18:51:25.014673141Z [err]  2025-11-22 18:51:23 [INFO] gpt_analyze: ✅ Using enhanced prompt for data_readiness (with context)
2025-11-22T18:51:25.014679903Z [err]  2025-11-22 18:51:23 [INFO] gpt_analyze: ✅ Using enhanced prompt for risks (with context)
2025-11-22T18:51:25.017654488Z [err]  2025-11-22 18:51:23 [INFO] services.prompt_enhancer: 🎯 Applying roadmap size constraints for 'roadmap_12m'
2025-11-22T18:51:25.017663323Z [err]  2025-11-22 18:51:23 [INFO] gpt_analyze: ✅ Using enhanced prompt for roadmap_12m (with context)
2025-11-22T18:51:25.017669856Z [err]  2025-11-22 18:51:23 [INFO] gpt_analyze: ✅ Using enhanced prompt for org_change (with context)
2025-11-22T18:51:25.017675366Z [err]  2025-11-22 18:51:23 [INFO] gpt_analyze: ✅ Using enhanced prompt for gamechanger (with context)
2025-11-22T18:51:25.017680145Z [err]  2025-11-22 18:51:23 [INFO] gpt_analyze: ✅ Using enhanced prompt for recommendations (with context)
2025-11-22T18:51:29.652528707Z [err]  2025-11-22 18:51:29 [INFO] gpt_analyze: ✅ Using enhanced prompt for reifegrad_sowhat (with context)
2025-11-22T18:51:30.062468120Z [err]  2025-11-22 18:51:30 [INFO] gpt_analyze: ✅ Using enhanced prompt for ai_act_summary (with context)
2025-11-22T18:51:30.598125790Z [err]  2025-11-22 18:51:30 [INFO] gpt_analyze: ✅ Using enhanced prompt for strategie_governance (with context)
2025-11-22T18:51:30.598134533Z [err]  2025-11-22 18:51:30 [INFO] gpt_analyze: ✅ Using enhanced prompt for wettbewerb_benchmark (with context)
2025-11-22T18:51:32.986499233Z [err]  2025-11-22 18:51:32 [INFO] gpt_analyze: ✅ Using enhanced prompt for technologie_prozesse (with context)
2025-11-22T18:51:33.574355114Z [err]  2025-11-22 18:51:33 [INFO] services.prompt_enhancer: ✅ Context loaded: branch=beratung, size=solo
2025-11-22T18:51:33.574360938Z [err]  2025-11-22 18:51:33 [INFO] services.prompt_enhancer: ✅ Injected context block into prompt 'unternehmensprofil_markt'
2025-11-22T18:51:33.574366060Z [err]  2025-11-22 18:51:33 [INFO] gpt_analyze: ✅ Using enhanced prompt for unternehmensprofil_markt (with context)
2025-11-22T18:51:33.834936163Z [err]  2025-11-22 18:51:33 [INFO] gpt_analyze: ✅ Using enhanced prompt for tools_empfehlungen (with context)
2025-11-22T18:51:34.586177135Z [err]  2025-11-22 18:51:34 [INFO] gpt_analyze: ✅ Using enhanced prompt for foerderpotenzial (with context)
2025-11-22T18:51:35.770780769Z [err]  2025-11-22 18:51:35 [INFO] gpt_analyze: ✅ Using enhanced prompt for transparency_box (with context)
2025-11-22T18:51:35.855488746Z [err]  2025-11-22 18:51:35 [INFO] gpt_analyze: ✅ Using enhanced prompt for ki_aktivitaeten_ziele (with context)
2025-11-22T18:51:55.857470211Z [err]  2025-11-22 18:51:51 [INFO] gpt_analyze: ✅ Parallel generation completed in 28.2s (vs ~330s sequential)
2025-11-22T18:52:25.859193825Z [err]  2025-11-22 18:52:20 [INFO] gpt_analyze: [run-9c31587e] ✅ Copied 12 label variables to sections
2025-11-22T18:52:25.859200123Z [err]  2025-11-22 18:52:20 [INFO] gpt_analyze: [run-9c31587e] 🔬 Running internal research...
2025-11-22T18:52:25.859206441Z [err]  2025-11-22 18:52:20 [INFO] services.research_pipeline: 🔬 Running HYBRID research (Tavily + Perplexity + RSS)...
2025-11-22T18:52:25.859212876Z [err]  2025-11-22 18:52:20 [INFO] services.research_pipeline: 🔍 Tavily tools search: KI Tools AI Software Beratung & Dienstleistungen content_generation datenanalyse 2025
2025-11-22T18:52:25.859219732Z [err]  2025-11-22 18:52:20 [INFO] services.research_pipeline: 🔍 Tavily funding search: Förderprogramme KI Digitalisierung KMU Berlin Beratung & Dienstleistungen 2025
2025-11-22T18:52:25.859226815Z [err]  2025-11-22 18:52:20 [INFO] services.research_pipeline: 🔍 Perplexity market insights: KI Einsatz und Trends in der Branche Beratung & Dienstleistungen für Beratung von Unternehmen zur Integration von KI in ihre Unternehmen mittels eines Fragebogens und anschliessender GPT-Auswertung Deutschland
2025-11-22T18:52:25.859233580Z [err]  2025-11-22 18:52:20 [INFO] services.research_pipeline: 🔍 Perplexity competitor analysis: Wettbewerber und Marktführer KI-Lösungen Beratung & Dienstleistungen Deutschland 2025
2025-11-22T18:52:25.859239663Z [err]  2025-11-22 18:52:22 [INFO] services.research_pipeline: ✅ Tavily returned 8 tools results
2025-11-22T18:52:25.859245692Z [err]  2025-11-22 18:52:22 [INFO] services.research_pipeline: ✅ Tavily returned 8 funding results
2025-11-22T18:52:27.720172102Z [err]  2025-11-22 18:52:27 [INFO] services.research_pipeline: ✅ Perplexity returned 3 market insights
2025-11-22T18:52:28.714010466Z [err]  2025-11-22 18:52:28 [INFO] services.research_pipeline: ✅ Perplexity returned 5 competitor insights
2025-11-22T18:52:30.875938161Z [err]  2025-11-22 18:52:30 [INFO] services.research_pipeline: 📊 Research complete: 8 tools, 8 funding, 2 news, 8 market insights
2025-11-22T18:52:30.883971496Z [err]  2025-11-22 18:52:30 [INFO] gpt_analyze: [run-9c31587e] 📈 Coverage: 100% (present=25, missing=0)
2025-11-22T18:52:30.883977708Z [err]  2025-11-22 18:52:30 [INFO] gpt_analyze: [run-9c31587e] 🎨 Rendering final HTML...
2025-11-22T18:52:30.895269726Z [err]  2025-11-22 18:52:30 [INFO] gpt_analyze: [run-9c31587e] 🧼 HTML sanitized for 137 string sections
2025-11-22T18:52:30.895279273Z [err]  2025-11-22 18:52:30 [INFO] services.extra_sections: [BUSINESS-CASE] Capped hours from 36.0 to 20 for size 'solo'
2025-11-22T18:52:30.895285368Z [err]  2025-11-22 18:52:30 [INFO] gpt_analyze: [run-9c31587e] 💰 Business Case calculated: CAPEX=5000, OPEX=120, Payback=4.4m, ROI=1.329192546583851%
2025-11-22T18:52:30.895291027Z [err]  2025-11-22 18:52:30 [INFO] gpt_analyze: [run-9c31587e] 🔧 Business Case variables replaced in 4 sections
2025-11-22T18:52:30.895296016Z [err]  2025-11-22 18:52:30 [INFO] services.extra_sections: [BUSINESS-CASE] Capped hours from 36.0 to 20 for size 'solo'
2025-11-22T18:52:30.895301273Z [err]  2025-11-22 18:52:30 [INFO] gpt_analyze: ✅ Score context added: exzellent - Sie gehören zu den Top 10% for solo (avg=65, top10=82)
2025-11-22T18:52:30.895306428Z [err]  2025-11-22 18:52:30 [INFO] gpt_analyze: ✅ Research provenance added: 22.11.2025
2025-11-22T18:52:30.899016398Z [err]  2025-11-22 18:52:30 [INFO] gpt_analyze: [run-9c31587e] 🔍 Applying size-inappropriate content filter...
2025-11-22T18:52:30.899023799Z [err]  2025-11-22 18:52:30 [INFO] services.report_validator: [CONTENT-FILTER] Filtering size-inappropriate content for solo
2025-11-22T18:52:30.899028114Z [err]  2025-11-22 18:52:30 [INFO] services.report_validator: [CONTENT-FILTER] Replacing 'Mitarbeiter' with 'Freelancer oder Partner' for solo
2025-11-22T18:52:30.899032486Z [err]  2025-11-22 18:52:30 [INFO] services.report_validator: [CONTENT-FILTER] Replacing 'Mitarbeiter' with 'Freelancer oder Partner' for solo
2025-11-22T18:52:30.899036419Z [err]  2025-11-22 18:52:30 [INFO] gpt_analyze: [run-9c31587e] 🔍 Running report validation...
2025-11-22T18:52:30.916821735Z [inf]  
2025-11-22T18:52:30.916829919Z [inf]  ================================================================================
2025-11-22T18:52:30.916836020Z [inf]  📋 REPORT VALIDATION RESULTS
2025-11-22T18:52:30.916842479Z [inf]  ================================================================================
2025-11-22T18:52:30.916848076Z [inf]  ✅ ALLE CHECKS BESTANDEN! Report ist GOLD STANDARD+
2025-11-22T18:52:30.916853026Z [err]  2025-11-22 18:52:30 [INFO] gpt_analyze: [run-9c31587e] ✅ Report validation passed - GOLD STANDARD+
2025-11-22T18:52:30.927479369Z [err]  2025-11-22 18:52:30 [INFO] services.report_renderer: ✔ Template validated: pdf_template.html
2025-11-22T18:52:30.927487205Z [err]  2025-11-22 18:52:30 [INFO] services.report_renderer: 🎨 Rendering report run-9c31587e with 179 sections
2025-11-22T18:52:30.927492932Z [err]  2025-11-22 18:52:30 [INFO] services.report_renderer: [RENDER] Debug HTML saved: /tmp/report_debug_R-20251122-KND.html
2025-11-22T18:52:30.927501730Z [err]  2025-11-22 18:52:30 [INFO] services.report_renderer: 🔧 Applied 28 expression replacements for report run-9c31587e
2025-11-22T18:52:30.950591027Z [err]  2025-11-22 18:52:30 [INFO] gpt_analyze: [run-9c31587e] ✅ Analysis created (v4.14.0-GOLD-PLUS): id=90
2025-11-22T18:52:30.988094463Z [err]  2025-11-22 18:52:30 [INFO] services.pdf_client: services.pdf_client: Calling PDF service: https://make-ki-pdfservice-production.up.railway.app/generate-pdf (timeout=90.0s, rid=run-9c31587e)
2025-11-22T18:52:34.799096068Z [err]  2025-11-22 18:52:34 [INFO] services.pdf_client: services.pdf_client: PDF generated successfully: 1430281 bytes
2025-11-22T18:52:34.815329396Z [err]  2025-11-22 18:52:34 [INFO] gpt_analyze: [run-9c31587e] 📎 Added briefing JSON attachment for admin (2777 bytes)
2025-11-22T18:52:35.749972116Z [err]  2025-11-22 18:52:35 [INFO] gpt_analyze: 📬 Resend Email ID: b381e870-2de9-4529-a52d-efdbb9472e83 → wol***@web.de
2025-11-22T18:52:35.749978772Z [err]  2025-11-22 18:52:35 [INFO] gpt_analyze: [run-9c31587e] 📧 Mail sent to user wol***@web.de via Resend
2025-11-22T18:52:35.749982885Z [err]  2025-11-22 18:52:35 [INFO] gpt_analyze: [run-9c31587e] 📋 Generated briefing summary HTML for admin email
2025-11-22T18:52:36.751796012Z [err]  2025-11-22 18:52:36 [INFO] gpt_analyze: 📬 Resend Email ID: b50121d9-74b9-4e84-aad3-70cb0d6efb66 → bew***@ki-sicherheit.jetzt
2025-11-22T18:52:36.751805213Z [err]  2025-11-22 18:52:36 [INFO] gpt_analyze: [run-9c31587e] 📧 Admin notify sent to bew***@ki-sicherheit.jetzt via Resend
2025-11-22T18:52:37.684470620Z [err]  2025-11-22 18:52:37 [INFO] gpt_analyze: 📬 Resend Email ID: c5dbb06c-8183-43f6-bec2-3caaa5d69bd5 → wol***@ki-sicherheit.jetzt
2025-11-22T18:52:37.684475195Z [err]  2025-11-22 18:52:37 [INFO] gpt_analyze: [run-9c31587e] 📧 Admin notify sent to wol***@ki-sicherheit.jetzt via Resend
2025-11-22T18:52:37.684479928Z [err]  2025-11-22 18:52:37 [INFO] routes.briefings: ✅ Analysis queued for briefing_id=115
2025-11-22T18:52:37.684485413Z [inf]  INFO:     100.64.0.3:33578 - "POST /api/briefings/submit HTTP/1.1" 202 Accepted